[+] Containers:
 |- [+] Container: /Engine/WorldPartition/WorldPartitionUnitTest
 |   |- [+] ActorDescs:
 |   |   |- Guid:0D2B04D240BE5DE58FE437A8D2DBF5C9 BaseClass: NativeClass:/Script/Engine.StaticMeshActor Name:StaticMeshActor_UAID_E04F43E60BD978E800_1784895939 Label:Cube2 SpatiallyLoaded:1 Bounds:IsValid=true, Min=(X=-250.000 Y=150.000 Z=-50.000), Max=(X=-150.000 Y=250.000 Z=50.000) RuntimeGrid:None EditorOnly:0 RuntimeOnly:0 HLODRelevant:1
 |   |   |- Guid:49973AD24D39BF3589C506B853F2F9D2 BaseClass: NativeClass:/Script/Engine.StaticMeshActor Name:StaticMeshActor_UAID_E04F43E60BD978E800_1785758940 Label:Cube3 SpatiallyLoaded:1 Bounds:IsValid=true, Min=(X=150.000 Y=150.000 Z=-50.000), Max=(X=250.000 Y=250.000 Z=50.000) RuntimeGrid:None EditorOnly:0 RuntimeOnly:0 HLODRelevant:1
 |   |   |- Guid:538856174ECD465948488F9441AE9251 BaseClass: NativeClass:/Script/Engine.StaticMeshActor Name:StaticMeshActor_UAID_E04F43E60BD9033201_1083787487 Label:Cube SpatiallyLoaded:1 Bounds:IsValid=true, Min=(X=-50.000 Y=-50.000 Z=-50.000), Max=(X=50.000 Y=50.000 Z=50.000) RuntimeGrid:None EditorOnly:0 RuntimeOnly:0 HLODRelevant:1
 |   |   |- Guid:5D9F93BA407A811AFDDDAAB4F1CECC6A BaseClass: NativeClass:/Script/Engine.StaticMeshActor Name:StaticMeshActor_UAID_E04F43E60BD978E800_1786041941 Label:Cube4 SpatiallyLoaded:1 Bounds:IsValid=true, Min=(X=150.000 Y=-250.000 Z=-50.000), Max=(X=250.000 Y=-150.000 Z=50.000) RuntimeGrid:None EditorOnly:0 RuntimeOnly:0 HLODRelevant:1
 |   |   |- Guid:60DB74444621583A1B1ECBA23B1483DF BaseClass: NativeClass:/Script/Engine.StaticMeshActor Name:StaticMeshActor_UAID_E04F43E60BD978E800_1746816936 Label:Floor_Mesh SpatiallyLoaded:1 Bounds:IsValid=true, Min=(X=-500.000 Y=-500.000 Z=-100.247), Max=(X=500.000 Y=500.000 Z=-0.247) RuntimeGrid:None EditorOnly:0 RuntimeOnly:0 HLODRelevant:1
 |   |   |- Guid:6B49A134483F63505B89EC9B862D73CC BaseClass: NativeClass:/Script/Engine.WorldDataLayers Name:WorldDataLayers Label:WorldDataLayers-1 SpatiallyLoaded:0 Bounds:IsValid=true, Min=(X=0.000 Y=0.000 Z=0.000), Max=(X=0.000 Y=0.000 Z=0.000) RuntimeGrid:None EditorOnly:0 RuntimeOnly:0 HLODRelevant:0
 |   |   |- Guid:8488B7EC455E39C255A28AA0372C3CF2 BaseClass: NativeClass:/Script/Engine.StaticMeshActor Name:StaticMeshActor_UAID_E04F43E60BD978E800_1783676938 Label:Cube1 SpatiallyLoaded:1 Bounds:IsValid=true, Min=(X=-250.000 Y=-250.000 Z=-50.000), Max=(X=-150.000 Y=-150.000 Z=50.000) RuntimeGrid:None EditorOnly:0 RuntimeOnly:0 HLODRelevant:1
 |   |   |- Guid:ECB0E9884F1E9AB5A31ED395CA6F09F1 BaseClass: NativeClass:/Script/Engine.DirectionalLight Name:DirectionalLight_UAID_E04F43E60BD978E800_1776043937 Label:DirectionalLight SpatiallyLoaded:0 Bounds:IsValid=true, Min=(X=-1048576.000 Y=-1048576.000 Z=-1048576.000), Max=(X=1048576.000 Y=1048576.000 Z=1048576.000) RuntimeGrid:None EditorOnly:0 RuntimeOnly:0 HLODRelevant:0
 |   |- [+] Clusters:
 |   |   |- [+] [  0]
 |   |   |   |- Guid:538856174ECD465948488F9441AE9251 BaseClass: NativeClass:/Script/Engine.StaticMeshActor Name:StaticMeshActor_UAID_E04F43E60BD9033201_1083787487 Label:Cube SpatiallyLoaded:1 Bounds:IsValid=true, Min=(X=-50.000 Y=-50.000 Z=-50.000), Max=(X=50.000 Y=50.000 Z=50.000) RuntimeGrid:None EditorOnly:0 RuntimeOnly:0 HLODRelevant:1
 |   |   |- [+] [  1]
 |   |   |   |- Guid:5D9F93BA407A811AFDDDAAB4F1CECC6A BaseClass: NativeClass:/Script/Engine.StaticMeshActor Name:StaticMeshActor_UAID_E04F43E60BD978E800_1786041941 Label:Cube4 SpatiallyLoaded:1 Bounds:IsValid=true, Min=(X=150.000 Y=-250.000 Z=-50.000), Max=(X=250.000 Y=-150.000 Z=50.000) RuntimeGrid:None EditorOnly:0 RuntimeOnly:0 HLODRelevant:1
 |   |   |- [+] [  2]
 |   |   |   |- Guid:0D2B04D240BE5DE58FE437A8D2DBF5C9 BaseClass: NativeClass:/Script/Engine.StaticMeshActor Name:StaticMeshActor_UAID_E04F43E60BD978E800_1784895939 Label:Cube2 SpatiallyLoaded:1 Bounds:IsValid=true, Min=(X=-250.000 Y=150.000 Z=-50.000), Max=(X=-150.000 Y=250.000 Z=50.000) RuntimeGrid:None EditorOnly:0 RuntimeOnly:0 HLODRelevant:1
 |   |   |- [+] [  3]
 |   |   |   |- Guid:60DB74444621583A1B1ECBA23B1483DF BaseClass: NativeClass:/Script/Engine.StaticMeshActor Name:StaticMeshActor_UAID_E04F43E60BD978E800_1746816936 Label:Floor_Mesh SpatiallyLoaded:1 Bounds:IsValid=true, Min=(X=-500.000 Y=-500.000 Z=-100.247), Max=(X=500.000 Y=500.000 Z=-0.247) RuntimeGrid:None EditorOnly:0 RuntimeOnly:0 HLODRelevant:1
 |   |   |- [+] [  4]
 |   |   |   |- Guid:6B49A134483F63505B89EC9B862D73CC BaseClass: NativeClass:/Script/Engine.WorldDataLayers Name:WorldDataLayers Label:WorldDataLayers-1 SpatiallyLoaded:0 Bounds:IsValid=true, Min=(X=0.000 Y=0.000 Z=0.000), Max=(X=0.000 Y=0.000 Z=0.000) RuntimeGrid:None EditorOnly:0 RuntimeOnly:0 HLODRelevant:0
 |   |   |- [+] [  5]
 |   |   |   |- Guid:8488B7EC455E39C255A28AA0372C3CF2 BaseClass: NativeClass:/Script/Engine.StaticMeshActor Name:StaticMeshActor_UAID_E04F43E60BD978E800_1783676938 Label:Cube1 SpatiallyLoaded:1 Bounds:IsValid=true, Min=(X=-250.000 Y=-250.000 Z=-50.000), Max=(X=-150.000 Y=-150.000 Z=50.000) RuntimeGrid:None EditorOnly:0 RuntimeOnly:0 HLODRelevant:1
 |   |   |- [+] [  6]
 |   |   |   |- Guid:ECB0E9884F1E9AB5A31ED395CA6F09F1 BaseClass: NativeClass:/Script/Engine.DirectionalLight Name:DirectionalLight_UAID_E04F43E60BD978E800_1776043937 Label:DirectionalLight SpatiallyLoaded:0 Bounds:IsValid=true, Min=(X=-1048576.000 Y=-1048576.000 Z=-1048576.000), Max=(X=1048576.000 Y=1048576.000 Z=1048576.000) RuntimeGrid:None EditorOnly:0 RuntimeOnly:0 HLODRelevant:0
 |   |   |- [+] [  7]
 |   |   |   |- Guid:49973AD24D39BF3589C506B853F2F9D2 BaseClass: NativeClass:/Script/Engine.StaticMeshActor Name:StaticMeshActor_UAID_E04F43E60BD978E800_1785758940 Label:Cube3 SpatiallyLoaded:1 Bounds:IsValid=true, Min=(X=150.000 Y=150.000 Z=-50.000), Max=(X=250.000 Y=250.000 Z=50.000) RuntimeGrid:None EditorOnly:0 RuntimeOnly:0 HLODRelevant:1
 |- ContainerInstances:
 |- [+] MainContainer:
 |   |-        ID: 0x0000000000000000
 |   |-    Bounds: IsValid=true, Min=(X=-500.000 Y=-500.000 Z=-100.247), Max=(X=500.000 Y=500.000 Z=50.000)
 |   |- Transform: 0.000000,0.000000,0.000000|0.000000,0.000000,-0.000000|1.000000,1.000000,1.000000
 |   |- Container: /Engine/WorldPartition/WorldPartitionUnitTest
----------------------------------------------------------------------------------------------------------------
WorldPartitionUnitTest - Persistent Level
----------------------------------------------------------------------------------------------------------------
Always loaded Actor Count: 10 

----------------------------------------------------------------------------------------------------------------
WorldPartitionUnitTest - Runtime Spatial Hash - Streaming Grid - MainGrid
----------------------------------------------------------------------------------------------------------------
            Origin: X=0.000 Y=0.000 Z=0.000
         Cell Size: 12800
      World Bounds: IsValid=true, Min=(X=-500.000 Y=-500.000 Z=-100.247), Max=(X=500.000 Y=500.000 Z=50.000)
     Loading Range: 25600.00
Block Slow Loading: No
 ClientOnlyVisible: No

[+] Grid Levels: 2
 |- Level  0: Cell Count    4 | Cell Size   12800 | Actor Count    4 (100.0%)
 |- Level  1: Cell Count    0 | Cell Size   25600 | Actor Count    0 (0.0%)

[+] Content of Grid Level 0
 |- [+] Content of Cell MainGrid_L0_X0_Y-1
 |   |- Actor Count: 1
 |   |- Actor Path: /Engine/WorldPartition/WorldPartitionUnitTest.WorldPartitionUnitTest:PersistentLevel.StaticMeshActor_UAID_E04F43E60BD978E800_1786041941
 |   |- Actor Package: /Engine/__ExternalActors__/WorldPartition/WorldPartitionUnitTest/4/NR/XSJZFTAR4MCT9ZNBJS78AP
 |- [+] Content of Cell MainGrid_L0_X-1_Y0
 |   |- Actor Count: 1
 |   |- Actor Path: /Engine/WorldPartition/WorldPartitionUnitTest.WorldPartitionUnitTest:PersistentLevel.StaticMeshActor_UAID_E04F43E60BD978E800_1784895939
 |   |- Actor Package: /Engine/__ExternalActors__/WorldPartition/WorldPartitionUnitTest/6/7J/X4O6C4UF76J05FLISXXL5V
 |- [+] Content of Cell MainGrid_L0_X-1_Y-1
 |   |- Actor Count: 1
 |   |- Actor Path: /Engine/WorldPartition/WorldPartitionUnitTest.WorldPartitionUnitTest:PersistentLevel.StaticMeshActor_UAID_E04F43E60BD978E800_1783676938
 |   |- Actor Package: /Engine/__ExternalActors__/WorldPartition/WorldPartitionUnitTest/D/U2/M67Q9TUI1QESWU50T8LB8X
 |- [+] Content of Cell MainGrid_L0_X0_Y0
 |   |- Actor Count: 1
 |   |- Actor Path: /Engine/WorldPartition/WorldPartitionUnitTest.WorldPartitionUnitTest:PersistentLevel.StaticMeshActor_UAID_E04F43E60BD978E800_1785758940
 |   |- Actor Package: /Engine/__ExternalActors__/WorldPartition/WorldPartitionUnitTest/E/WO/Q2UY4EYV45NWBYII1TFGUG
[+] Content of Grid Level 1

